2025-03-13T00:23:40.462Z [info]: GET /socket.io/?EIO=4&transport=polling&t=lvq30er8
2025-03-13T00:23:46.561Z [info]: GET /socket.io/?EIO=4&transport=polling&t=lvwqpv08
2025-03-13T00:23:48.241Z [info]: GET /bundle.js
2025-03-13T00:23:48.265Z [info]: GET /api/schema
2025-03-13T00:23:48.276Z [info]: GET /api
2025-03-13T00:24:11.315Z [info]: GET /bundle.js
2025-03-13T00:24:11.346Z [info]: GET /api/schema
2025-03-13T00:24:11.358Z [info]: GET /api
2025-03-13T00:25:55.153Z [info]: GET /socket.io/?EIO=4&transport=polling&t=lynywybp
2025-03-13T00:25:55.163Z [info]: GET /api/schema
2025-03-13T00:25:55.180Z [info]: GET /api
2025-03-13T00:25:56.491Z [info]: GET /socket.io/?EIO=4&transport=polling&t=lyp02i0v
2025-03-13T00:25:57.636Z [info]: GET /socket.io/?EIO=4&transport=polling&t=lypvvmis
2025-03-13T00:26:02.680Z [info]: GET /socket.io/?EIO=4&transport=polling&t=lytrylpy
2025-03-13T00:26:07.691Z [info]: GET /socket.io/?EIO=4&transport=polling&t=lyxn4ez0
2025-03-13T00:26:13.713Z [info]: GET /socket.io/?EIO=4&transport=polling&t=lz2aeb5t
2025-03-13T00:26:19.742Z [info]: GET /socket.io/?EIO=4&transport=polling&t=lz6xsf04
2025-03-13T00:26:25.971Z [info]: GET /socket.io/?EIO=4&transport=polling&t=lzbqx36u
2025-03-13T00:26:31.999Z [info]: GET /socket.io/?EIO=4&transport=polling&t=lzgedj1j
2025-03-13T00:26:38.028Z [info]: GET /socket.io/?EIO=4&transport=polling&t=lzl1uj0s
2025-03-13T00:26:44.137Z [info]: GET /socket.io/?EIO=4&transport=polling&t=lzprjd3b
2025-03-13T00:26:50.161Z [info]: GET /socket.io/?EIO=4&transport=polling&t=lzuewtmn
2025-03-13T00:26:56.188Z [info]: GET /socket.io/?EIO=4&transport=polling&t=lzz25qgo
2025-03-13T00:27:02.356Z [info]: GET /socket.io/?EIO=4&transport=polling&t=m03tgg9w
2025-03-13T00:27:08.398Z [info]: GET /socket.io/?EIO=4&transport=polling&t=m08h29u9
2025-03-13T00:27:14.588Z [info]: GET /socket.io/?EIO=4&transport=polling&t=m0d98416
2025-03-13T00:27:20.612Z [info]: GET /socket.io/?EIO=4&transport=polling&t=m0hwkeaf
2025-03-13T00:27:26.637Z [info]: GET /socket.io/?EIO=4&transport=polling&t=m0mjx85g
2025-03-13T00:27:32.664Z [info]: GET /socket.io/?EIO=4&transport=polling&t=m0r7cdc3
2025-03-13T00:27:38.692Z [info]: GET /socket.io/?EIO=4&transport=polling&t=m0vut9bc
2025-03-13T00:27:44.720Z [info]: GET /socket.io/?EIO=4&transport=polling&t=m10i8vqx
2025-03-13T00:27:50.748Z [info]: GET /socket.io/?EIO=4&transport=polling&t=m155pdyg
2025-03-13T00:27:56.772Z [info]: GET /socket.io/?EIO=4&transport=polling&t=m19t1m03
2025-03-13T00:28:02.866Z [info]: GET /socket.io/?EIO=4&transport=polling&t=m1eibaq5
2025-03-13T00:28:08.895Z [info]: GET /socket.io/?EIO=4&transport=polling&t=m1j5r9x6
2025-03-13T00:28:14.998Z [info]: GET /socket.io/?EIO=4&transport=polling&t=m1nvap6z
2025-03-13T00:28:21.028Z [info]: GET /socket.io/?EIO=4&transport=polling&t=m1sit9ih
2025-03-13T00:28:27.052Z [info]: GET /socket.io/?EIO=4&transport=polling&t=m1x65x09
2025-03-13T00:28:33.071Z [info]: GET /socket.io/?EIO=4&transport=polling&t=m21tazeb
2025-03-13T00:28:39.343Z [info]: GET /socket.io/?EIO=4&transport=polling&t=m26nk284
2025-03-13T00:28:45.353Z [info]: GET /socket.io/?EIO=4&transport=polling&t=m2bah6qc
2025-03-13T00:28:51.525Z [info]: GET /socket.io/?EIO=4&transport=polling&t=m2g1x1mj
2025-03-13T00:28:57.549Z [info]: GET /socket.io/?EIO=4&transport=polling&t=m2kpa7lk
2025-03-13T00:29:03.768Z [info]: GET /socket.io/?EIO=4&transport=polling&t=m2pi0k5k
2025-03-13T00:29:09.796Z [info]: GET /socket.io/?EIO=4&transport=polling&t=m2u5g7m0
2025-03-13T00:29:15.819Z [info]: GET /socket.io/?EIO=4&transport=polling&t=m2yssljb
2025-03-13T00:29:22.167Z [info]: GET /socket.io/?EIO=4&transport=polling&t=m33p3grz
2025-03-13T00:29:28.238Z [info]: GET /socket.io/?EIO=4&transport=polling&t=m38dqvav
2025-03-13T00:29:34.264Z [info]: GET /socket.io/?EIO=4&transport=polling&t=m3d159fp
2025-03-13T00:29:40.286Z [info]: GET /socket.io/?EIO=4&transport=polling&t=m3hofh7g
2025-03-13T00:29:46.311Z [info]: GET /socket.io/?EIO=4&transport=polling&t=m3mbshji
2025-03-13T00:29:52.406Z [info]: GET /socket.io/?EIO=4&transport=polling&t=m3r12os9
2025-03-13T00:29:58.440Z [info]: GET /socket.io/?EIO=4&transport=polling&t=m3voksx0
2025-03-13T00:30:04.475Z [info]: GET /socket.io/?EIO=4&transport=polling&t=m40c81nb
2025-03-13T00:30:10.504Z [info]: GET /socket.io/?EIO=4&transport=polling&t=m44zoqmp
2025-03-13T00:30:16.545Z [info]: GET /socket.io/?EIO=4&transport=polling&t=m49ng63d
2025-03-13T00:30:22.573Z [info]: GET /socket.io/?EIO=4&transport=polling&t=m4eaukrl
2025-03-13T00:30:28.784Z [info]: GET /socket.io/?EIO=4&transport=polling&t=m4j3fftf
2025-03-13T00:30:30.402Z [info]: GET /socket.io/?EIO=4&transport=polling
2025-03-13T00:30:34.793Z [info]: GET /socket.io/?EIO=4&transport=polling&t=m4nqemrh
2025-03-13T00:30:40.830Z [info]: GET /socket.io/?EIO=4&transport=polling&t=m4sdyrh4
2025-03-13T00:30:46.854Z [info]: GET /socket.io/?EIO=4&transport=polling&t=m4x1cyuq
2025-03-13T00:30:52.882Z [info]: GET /socket.io/?EIO=4&transport=polling&t=m51oueik
2025-03-13T00:30:56.212Z [info]: GET /socket.io/?EIO=4&transport=polling
2025-03-13T00:30:58.903Z [info]: GET /socket.io/?EIO=4&transport=polling&t=m56c8vgd
2025-03-13T00:31:04.946Z [info]: GET /socket.io/?EIO=4&transport=polling&t=m5b03uqx
2025-03-13T00:31:10.815Z [info]: GET /socket.io/?EIO=4&transport=polling
2025-03-13T00:31:10.972Z [info]: GET /socket.io/?EIO=4&transport=polling&t=m5fnl4b1
2025-03-13T00:31:17.000Z [info]: GET /socket.io/?EIO=4&transport=polling&t=m5kazdfx
2025-03-13T00:31:23.023Z [info]: GET /socket.io/?EIO=4&transport=polling&t=m5oyd7vn
2025-03-13T00:31:29.050Z [info]: GET /socket.io/?EIO=4&transport=polling&t=m5tlrm2d
2025-03-13T00:34:10.423Z [info]: GET /socket.io/?EIO=4&transport=polling&t=m9a48344
2025-03-13T00:34:16.446Z [info]: GET /socket.io/?EIO=4&transport=polling&t=m9ermhmb
2025-03-13T00:34:16.731Z [info]: GET /socket.io/?EIO=4&transport=polling
2025-03-13T00:34:22.696Z [info]: GET /socket.io/?EIO=4&transport=polling&t=m9jl5hwv
2025-03-13T00:34:28.715Z [info]: GET /socket.io/?EIO=4&transport=polling&t=m9o8gzyp
2025-03-13T00:34:34.731Z [info]: GET /socket.io/?EIO=4&transport=polling&t=m9svlupb
2025-03-13T00:34:40.764Z [info]: GET /socket.io/?EIO=4&transport=polling&t=m9xj28ta
2025-03-13T00:34:46.785Z [info]: GET /socket.io/?EIO=4&transport=polling&t=ma26c7mx
2025-03-13T00:34:52.812Z [info]: GET /socket.io/?EIO=4&transport=polling&t=ma6tuumq
2025-03-13T00:34:58.914Z [info]: GET /socket.io/?EIO=4&transport=polling&t=mabjbtwj
2025-03-13T00:35:04.947Z [info]: GET /socket.io/?EIO=4&transport=polling&t=mag6wnmr
2025-03-13T00:35:10.977Z [info]: GET /socket.io/?EIO=4&transport=polling&t=makuamzr
2025-03-13T00:35:17.000Z [info]: GET /socket.io/?EIO=4&transport=polling&t=maphklkf
2025-03-13T00:35:23.040Z [info]: GET /socket.io/?EIO=4&transport=polling&t=mau5dgh3
2025-03-13T00:35:29.061Z [info]: GET /socket.io/?EIO=4&transport=polling&t=maysmauz
2025-03-13T00:35:35.154Z [info]: GET /socket.io/?EIO=4&transport=polling&t=mb3hvwy3
2025-03-13T00:35:41.168Z [info]: GET /socket.io/?EIO=4&transport=polling&t=mb84uf3b
2025-03-13T00:35:46.406Z [info]: GET /socket.io/?EIO=4&transport=polling
2025-03-13T00:35:47.182Z [info]: GET /socket.io/?EIO=4&transport=polling&t=mbcs7o2m
2025-03-13T00:35:53.336Z [info]: GET /socket.io/?EIO=4&transport=polling&t=mbhj3ssc
2025-03-13T00:35:59.360Z [info]: GET /socket.io/?EIO=4&transport=polling&t=mbm6hrq7
2025-03-13T00:36:05.390Z [info]: GET /socket.io/?EIO=4&transport=polling&t=mbqtzwzf
2025-03-13T00:36:11.592Z [info]: GET /socket.io/?EIO=4&transport=polling&t=mbvmakk9
2025-03-13T00:36:17.615Z [info]: GET /socket.io/?EIO=4&transport=polling&t=mc09kuah
2025-03-13T00:36:23.645Z [info]: GET /socket.io/?EIO=4&transport=polling&t=mc4x30ac
2025-03-13T00:36:29.668Z [info]: GET /socket.io/?EIO=4&transport=polling&t=mc9ke5ek
2025-03-13T00:36:35.697Z [info]: GET /socket.io/?EIO=4&transport=polling&t=mce7v6o8
2025-03-13T00:36:41.741Z [info]: GET /socket.io/?EIO=4&transport=polling&t=mcivrabf
2025-03-13T00:36:48.024Z [info]: GET /socket.io/?EIO=4&transport=polling&t=mcnq1yjt
2025-03-13T00:36:54.052Z [info]: GET /socket.io/?EIO=4&transport=polling&t=mcsdj44y
2025-03-13T00:37:00.078Z [info]: GET /socket.io/?EIO=4&transport=polling&t=mcx0w9dv
2025-03-13T00:37:06.217Z [info]: GET /socket.io/?EIO=4&transport=polling&t=md1rfhro
2025-03-13T00:37:12.248Z [info]: GET /socket.io/?EIO=4&transport=polling&t=md6eyik6
2025-03-13T00:37:18.476Z [info]: GET /socket.io/?EIO=4&transport=polling&t=mdb7zwng
2025-03-13T00:37:18.605Z [info]: GET /socket.io/?EIO=4&transport=polling
2025-03-13T00:37:22.153Z [info]: GET /socket.io/?EIO=4&transport=polling
2025-03-13T00:37:24.758Z [info]: GET /socket.io/?EIO=4&transport=polling&t=mdg2fjrr
2025-03-13T00:37:31.024Z [info]: GET /socket.io/?EIO=4&transport=polling&t=mdkwg0fa
2025-03-13T00:37:37.054Z [info]: GET /socket.io/?EIO=4&transport=polling&t=mdpjyjmv
2025-03-13T00:37:43.225Z [info]: GET /socket.io/?EIO=4&transport=polling&t=mdubd172
2025-03-13T00:37:45.292Z [info]: GET /socket.io/?EIO=4&transport=polling
2025-03-13T00:37:49.252Z [info]: GET /socket.io/?EIO=4&transport=polling&t=mdyyryti
2025-03-13T00:37:55.266Z [info]: GET /socket.io/?EIO=4&transport=polling&t=me3lsxbc
2025-03-13T00:38:01.433Z [info]: GET /socket.io/?EIO=4&transport=polling&t=me8d6dth
2025-03-13T00:38:07.462Z [info]: GET /socket.io/?EIO=4&transport=polling&t=med0kani
2025-03-13T00:38:13.678Z [info]: GET /socket.io/?EIO=4&transport=polling&t=meht8pcw
2025-03-13T00:38:19.700Z [info]: GET /socket.io/?EIO=4&transport=polling&t=memgj2t1
2025-03-13T00:38:25.727Z [info]: GET /socket.io/?EIO=4&transport=polling&t=mer40pq5
2025-03-13T00:38:31.758Z [info]: GET /socket.io/?EIO=4&transport=polling&t=mevrhajm
2025-03-13T00:38:37.823Z [info]: GET /socket.io/?EIO=4&transport=polling&t=mf0fzo27
2025-03-13T00:38:43.851Z [info]: GET /socket.io/?EIO=4&transport=polling&t=mf53g644
2025-03-13T00:38:49.882Z [info]: GET /socket.io/?EIO=4&transport=polling&t=mf9qxnuu
2025-03-13T00:38:55.911Z [info]: GET /socket.io/?EIO=4&transport=polling&t=mfeec94b
2025-03-13T00:39:01.724Z [info]: GET /socket.io/?EIO=4&transport=polling
2025-03-13T00:39:01.940Z [info]: GET /socket.io/?EIO=4&transport=polling&t=mfj1t84q
2025-03-13T00:39:53.674Z [info]: GET /socket.io/?EIO=4&transport=polling
2025-03-13T00:39:57.589Z [info]: GET /socket.io/?EIO=4&transport=polling&t=mgpzy6hd
2025-03-13T00:42:30.377Z [info]: GET /socket.io/?EIO=4&transport=polling&t=mjwkrgl3
2025-03-13T00:42:33.986Z [info]: GET /socket.io/?EIO=4&transport=polling
2025-03-13T00:42:36.425Z [info]: GET /socket.io/?EIO=4&transport=polling&t=mk4jt4zh
2025-03-13T00:42:37.403Z [info]: GET /socket.io/?EIO=4&transport=polling
2025-03-13T00:42:39.214Z [info]: GET /socket.io/?EIO=4&transport=polling
2025-03-13T00:42:42.456Z [info]: GET /socket.io/?EIO=4&transport=polling&t=mk97a4zq
2025-03-13T00:42:55.567Z [info]: GET /socket.io/?EIO=4&transport=polling&t=mkdujpc7
2025-03-13T00:42:57.833Z [info]: GET /socket.io/?EIO=4&transport=polling
2025-03-13T00:43:50.463Z [info]: GET /socket.io/?EIO=4&transport=polling&t=mlkt6r9a
2025-03-13T00:43:52.837Z [info]: GET /socket.io/?EIO=4&transport=polling
2025-03-13T00:43:57.556Z [info]: GET /socket.io/?EIO=4&transport=polling&t=mlud5wxs
2025-03-13T00:44:00.069Z [info]: GET /socket.io/?EIO=4&transport=polling
